<testsuites name="Mocha Tests">
  <testsuite name="test suite description" tests="9" errors="0" failures="0" skipped="0" timestamp="2021-03-25T17:56:15" time="0.094">
    <testcase classname="test suite description" name="Should convert {&quot;hue&quot;:0,&quot;saturation&quot;:100,&quot;lightness&quot;:50} to corresponding {&quot;red&quot;:255,&quot;green&quot;:0,&quot;blue&quot;:0}" time="0.002">
    </testcase>
    <testcase classname="test suite description" name="Should convert {&quot;hue&quot;:45,&quot;saturation&quot;:100,&quot;lightness&quot;:50} to corresponding {&quot;red&quot;:255,&quot;green&quot;:191,&quot;blue&quot;:0}" time="0">
    </testcase>
    <testcase classname="test suite description" name="Should convert {&quot;hue&quot;:90,&quot;saturation&quot;:100,&quot;lightness&quot;:50} to corresponding {&quot;red&quot;:128,&quot;green&quot;:255,&quot;blue&quot;:0}" time="0">
    </testcase>
    <testcase classname="test suite description" name="Should convert {&quot;hue&quot;:135,&quot;saturation&quot;:100,&quot;lightness&quot;:50} to corresponding {&quot;red&quot;:0,&quot;green&quot;:255,&quot;blue&quot;:64}" time="0">
    </testcase>
    <testcase classname="test suite description" name="Should convert {&quot;hue&quot;:180,&quot;saturation&quot;:100,&quot;lightness&quot;:50} to corresponding {&quot;red&quot;:0,&quot;green&quot;:255,&quot;blue&quot;:255}" time="0">
    </testcase>
    <testcase classname="test suite description" name="Should convert {&quot;hue&quot;:225,&quot;saturation&quot;:100,&quot;lightness&quot;:50} to corresponding {&quot;red&quot;:0,&quot;green&quot;:64,&quot;blue&quot;:255}" time="0">
    </testcase>
    <testcase classname="test suite description" name="Should convert {&quot;hue&quot;:270,&quot;saturation&quot;:100,&quot;lightness&quot;:50} to corresponding {&quot;red&quot;:127,&quot;green&quot;:0,&quot;blue&quot;:255}" time="0.001">
    </testcase>
    <testcase classname="test suite description" name="Should convert {&quot;hue&quot;:315,&quot;saturation&quot;:100,&quot;lightness&quot;:50} to corresponding {&quot;red&quot;:255,&quot;green&quot;:0,&quot;blue&quot;:191}" time="0.001">
    </testcase>
    <testcase classname="test suite description" name="Should convert {&quot;hue&quot;:345,&quot;saturation&quot;:100,&quot;lightness&quot;:50} to corresponding {&quot;red&quot;:255,&quot;green&quot;:0,&quot;blue&quot;:64}" time="0">
    </testcase>
  </testsuite>
</testsuites>