<testsuites name="Mocha Tests">
  <testsuite name="test suite description" tests="9" errors="0" failures="0" skipped="0" timestamp="2021-03-23T14:11:44" time="0.007">
    <testcase classname="test suite description" name="Should convert Hex value to corresponding RGB value" time="0.001">
    </testcase>
    <testcase classname="test suite description" name="Should convert Hex value to corresponding RGB value" time="0.001">
    </testcase>
    <testcase classname="test suite description" name="Should convert Hex value to corresponding RGB value" time="0">
    </testcase>
    <testcase classname="test suite description" name="Should convert Hex value to corresponding RGB value" time="0">
    </testcase>
    <testcase classname="test suite description" name="Should convert Hex value to corresponding RGB value" time="0.001">
    </testcase>
    <testcase classname="test suite description" name="Should convert Hex value to corresponding RGB value" time="0">
    </testcase>
    <testcase classname="test suite description" name="Should convert Hex value to corresponding RGB value" time="0">
    </testcase>
    <testcase classname="test suite description" name="Should convert Hex value to corresponding RGB value" time="0.001">
    </testcase>
    <testcase classname="test suite description" name="Should convert Hex value to corresponding RGB value" time="0">
    </testcase>
  </testsuite>
</testsuites>