<testsuites name="Mocha Tests">
  <testsuite name="Test HexToRgbConverter REST API" tests="11" errors="0" failures="0" skipped="0" timestamp="2021-03-25T17:19:52" time="0.156">
    <testcase classname="Test HexToRgbConverter REST API" name="Should include in the response body the RGB value corresponding to the query: FF0000" time="0.065">
    </testcase>
    <testcase classname="Test HexToRgbConverter REST API" name="Should include in the response body the RGB value corresponding to the query: FFBF00" time="0.004">
    </testcase>
    <testcase classname="Test HexToRgbConverter REST API" name="Should include in the response body the RGB value corresponding to the query: 80FF00" time="0.004">
    </testcase>
    <testcase classname="Test HexToRgbConverter REST API" name="Should include in the response body the RGB value corresponding to the query: 00FF40" time="0.004">
    </testcase>
    <testcase classname="Test HexToRgbConverter REST API" name="Should include in the response body the RGB value corresponding to the query: 00FFFF" time="0.004">
    </testcase>
    <testcase classname="Test HexToRgbConverter REST API" name="Should include in the response body the RGB value corresponding to the query: 0040FF" time="0.004">
    </testcase>
    <testcase classname="Test HexToRgbConverter REST API" name="Should include in the response body the RGB value corresponding to the query: 8000FF" time="0.006">
    </testcase>
    <testcase classname="Test HexToRgbConverter REST API" name="Should include in the response body the RGB value corresponding to the query: FF00BF" time="0.007">
    </testcase>
    <testcase classname="Test HexToRgbConverter REST API" name="Should include in the response body the RGB value corresponding to the query: FF0040" time="0.004">
    </testcase>
    <testcase classname="Test HexToRgbConverter REST API" name="Should return an error message when no value is provided as query parameter" time="0.003">
    </testcase>
    <testcase classname="Test HexToRgbConverter REST API" name="Should return an error message when an invalid value is provided as query parameter" time="0.005">
    </testcase>
  </testsuite>
</testsuites>